# JRE version: OpenJDK Runtime Environment (11.0+28) (build 11+28)
# Java VM: OpenJDK 64-Bit Server VM (11+28, mixed mode, tiered, compressed oops, g1 gc, windows-amd64)
Heap:
 garbage-first heap   total 129024K, used 12807K [0x0000000082200000, 0x0000000100000000)
  region size 1024K, 6 young (6144K), 5 survivors (5120K)
 Metaspace       used 24759K, capacity 25398K, committed 25648K, reserved 1071104K
  class space    used 2860K, capacity 3128K, committed 3200K, reserved 1048576K
GC Heap History (6 events):
Event: 0.605 GC heap before
{Heap before GC invocations=0 (full 0):
 garbage-first heap   total 129024K, used 26624K [0x0000000082200000, 0x0000000100000000)
  region size 1024K, 24 young (24576K), 0 survivors (0K)
 Metaspace       used 12022K, capacity 12331K, committed 12544K, reserved 1060864K
  class space    used 1118K, capacity 1243K, committed 1280K, reserved 1048576K
}
Event: 0.609 GC heap after
{Heap after GC invocations=1 (full 0):
 garbage-first heap   total 129024K, used 3655K [0x0000000082200000, 0x0000000100000000)
  region size 1024K, 3 young (3072K), 3 survivors (3072K)
 Metaspace       used 12022K, capacity 12331K, committed 12544K, reserved 1060864K
  class space    used 1118K, capacity 1243K, committed 1280K, reserved 1048576K
}
Event: 1.044 GC heap before
{Heap before GC invocations=1 (full 0):
 garbage-first heap   total 129024K, used 27207K [0x0000000082200000, 0x0000000100000000)
  region size 1024K, 28 young (28672K), 3 survivors (3072K)
 Metaspace       used 20753K, capacity 21202K, committed 21296K, reserved 1069056K
  class space    used 2195K, capacity 2395K, committed 2432K, reserved 1048576K
}
Event: 1.053 GC heap after
{Heap after GC invocations=2 (full 0):
 garbage-first heap   total 129024K, used 7871K [0x0000000082200000, 0x0000000100000000)
  region size 1024K, 8 young (8192K), 8 survivors (8192K)
 Metaspace       used 20753K, capacity 21202K, committed 21296K, reserved 1069056K
  class space    used 2195K, capacity 2395K, committed 2432K, reserved 1048576K
}
Event: 1.387 GC heap before
{Heap before GC invocations=3 (full 0):
 garbage-first heap   total 129024K, used 37567K [0x0000000082200000, 0x0000000100000000)
  region size 1024K, 37 young (37888K), 8 survivors (8192K)
 Metaspace       used 24734K, capacity 25392K, committed 25648K, reserved 1071104K
  class space    used 2856K, capacity 3126K, committed 3200K, reserved 1048576K
}
Event: 1.395 GC heap after
{Heap after GC invocations=4 (full 0):
 garbage-first heap   total 129024K, used 12807K [0x0000000082200000, 0x0000000100000000)
  region size 1024K, 5 young (5120K), 5 survivors (5120K)
 Metaspace       used 24734K, capacity 25392K, committed 25648K, reserved 1071104K
  class space    used 2856K, capacity 3126K, committed 3200K, reserved 1048576K
}

