# JRE version: OpenJDK Runtime Environment (11.0+28) (build 11+28)
# Java VM: OpenJDK 64-Bit Server VM (11+28, mixed mode, tiered, compressed oops, g1 gc, windows-amd64)
Heap:
 garbage-first heap   total 129024K, used 13016K [0x0000000082200000, 0x0000000100000000)
  region size 1024K, 6 young (6144K), 5 survivors (5120K)
 Metaspace       used 24774K, capacity 25433K, committed 25648K, reserved 1071104K
  class space    used 2869K, capacity 3160K, committed 3200K, reserved 1048576K
GC Heap History (6 events):
Event: 0.671 GC heap before
{Heap before GC invocations=0 (full 0):
 garbage-first heap   total 129024K, used 26624K [0x0000000082200000, 0x0000000100000000)
  region size 1024K, 24 young (24576K), 0 survivors (0K)
 Metaspace       used 12138K, capacity 12494K, committed 12544K, reserved 1060864K
  class space    used 1139K, capacity 1275K, committed 1280K, reserved 1048576K
}
Event: 0.675 GC heap after
{Heap after GC invocations=1 (full 0):
 garbage-first heap   total 129024K, used 3648K [0x0000000082200000, 0x0000000100000000)
  region size 1024K, 3 young (3072K), 3 survivors (3072K)
 Metaspace       used 12138K, capacity 12494K, committed 12544K, reserved 1060864K
  class space    used 1139K, capacity 1275K, committed 1280K, reserved 1048576K
}
Event: 1.149 GC heap before
{Heap before GC invocations=1 (full 0):
 garbage-first heap   total 129024K, used 28224K [0x0000000082200000, 0x0000000100000000)
  region size 1024K, 28 young (28672K), 3 survivors (3072K)
 Metaspace       used 20771K, capacity 21205K, committed 21296K, reserved 1069056K
  class space    used 2200K, capacity 2395K, committed 2432K, reserved 1048576K
}
Event: 1.160 GC heap after
{Heap after GC invocations=2 (full 0):
 garbage-first heap   total 129024K, used 7984K [0x0000000082200000, 0x0000000100000000)
  region size 1024K, 8 young (8192K), 8 survivors (8192K)
 Metaspace       used 20771K, capacity 21205K, committed 21296K, reserved 1069056K
  class space    used 2200K, capacity 2395K, committed 2432K, reserved 1048576K
}
Event: 1.523 GC heap before
{Heap before GC invocations=3 (full 0):
 garbage-first heap   total 129024K, used 37680K [0x0000000082200000, 0x0000000100000000)
  region size 1024K, 37 young (37888K), 8 survivors (8192K)
 Metaspace       used 24725K, capacity 25386K, committed 25648K, reserved 1071104K
  class space    used 2860K, capacity 3123K, committed 3200K, reserved 1048576K
}
Event: 1.530 GC heap after
{Heap after GC invocations=4 (full 0):
 garbage-first heap   total 129024K, used 13016K [0x0000000082200000, 0x0000000100000000)
  region size 1024K, 5 young (5120K), 5 survivors (5120K)
 Metaspace       used 24725K, capacity 25386K, committed 25648K, reserved 1071104K
  class space    used 2860K, capacity 3123K, committed 3200K, reserved 1048576K
}

