# JRE version: OpenJDK Runtime Environment (11.0+28) (build 11+28)
# Java VM: OpenJDK 64-Bit Server VM (11+28, mixed mode, tiered, compressed oops, g1 gc, windows-amd64)
Heap:
 garbage-first heap   total 129024K, used 14673K [0x0000000082200000, 0x0000000100000000)
  region size 1024K, 8 young (8192K), 5 survivors (5120K)
 Metaspace       used 24765K, capacity 25433K, committed 25648K, reserved 1071104K
  class space    used 2863K, capacity 3160K, committed 3200K, reserved 1048576K
GC Heap History (6 events):
Event: 0.605 GC heap before
{Heap before GC invocations=0 (full 0):
 garbage-first heap   total 129024K, used 26624K [0x0000000082200000, 0x0000000100000000)
  region size 1024K, 24 young (24576K), 0 survivors (0K)
 Metaspace       used 12027K, capacity 12366K, committed 12544K, reserved 1060864K
  class space    used 1118K, capacity 1275K, committed 1280K, reserved 1048576K
}
Event: 0.608 GC heap after
{Heap after GC invocations=1 (full 0):
 garbage-first heap   total 129024K, used 3836K [0x0000000082200000, 0x0000000100000000)
  region size 1024K, 3 young (3072K), 3 survivors (3072K)
 Metaspace       used 12027K, capacity 12366K, committed 12544K, reserved 1060864K
  class space    used 1118K, capacity 1275K, committed 1280K, reserved 1048576K
}
Event: 1.034 GC heap before
{Heap before GC invocations=1 (full 0):
 garbage-first heap   total 129024K, used 27388K [0x0000000082200000, 0x0000000100000000)
  region size 1024K, 28 young (28672K), 3 survivors (3072K)
 Metaspace       used 20728K, capacity 21204K, committed 21296K, reserved 1069056K
  class space    used 2190K, capacity 2395K, committed 2432K, reserved 1048576K
}
Event: 1.044 GC heap after
{Heap after GC invocations=2 (full 0):
 garbage-first heap   total 129024K, used 7864K [0x0000000082200000, 0x0000000100000000)
  region size 1024K, 7 young (7168K), 7 survivors (7168K)
 Metaspace       used 20728K, capacity 21204K, committed 21296K, reserved 1069056K
  class space    used 2190K, capacity 2395K, committed 2432K, reserved 1048576K
}
Event: 1.325 GC heap before
{Heap before GC invocations=3 (full 0):
 garbage-first heap   total 129024K, used 35512K [0x0000000082200000, 0x0000000100000000)
  region size 1024K, 34 young (34816K), 7 survivors (7168K)
 Metaspace       used 24491K, capacity 25114K, committed 25392K, reserved 1071104K
  class space    used 2830K, capacity 3119K, committed 3200K, reserved 1048576K
}
Event: 1.332 GC heap after
{Heap after GC invocations=4 (full 0):
 garbage-first heap   total 129024K, used 12625K [0x0000000082200000, 0x0000000100000000)
  region size 1024K, 5 young (5120K), 5 survivors (5120K)
 Metaspace       used 24491K, capacity 25114K, committed 25392K, reserved 1071104K
  class space    used 2830K, capacity 3119K, committed 3200K, reserved 1048576K
}

