# JRE version: OpenJDK Runtime Environment (11.0+28) (build 11+28)
# Java VM: OpenJDK 64-Bit Server VM (11+28, mixed mode, tiered, compressed oops, g1 gc, windows-amd64)
Heap:
 garbage-first heap   total 129024K, used 14758K [0x0000000082200000, 0x0000000100000000)
  region size 1024K, 8 young (8192K), 5 survivors (5120K)
 Metaspace       used 24748K, capacity 25430K, committed 25648K, reserved 1071104K
  class space    used 2870K, capacity 3160K, committed 3200K, reserved 1048576K
GC Heap History (6 events):
Event: 0.655 GC heap before
{Heap before GC invocations=0 (full 0):
 garbage-first heap   total 129024K, used 26624K [0x0000000082200000, 0x0000000100000000)
  region size 1024K, 24 young (24576K), 0 survivors (0K)
 Metaspace       used 12015K, capacity 12363K, committed 12544K, reserved 1060864K
  class space    used 1120K, capacity 1275K, committed 1280K, reserved 1048576K
}
Event: 0.659 GC heap after
{Heap after GC invocations=1 (full 0):
 garbage-first heap   total 129024K, used 3568K [0x0000000082200000, 0x0000000100000000)
  region size 1024K, 3 young (3072K), 3 survivors (3072K)
 Metaspace       used 12015K, capacity 12363K, committed 12544K, reserved 1060864K
  class space    used 1120K, capacity 1275K, committed 1280K, reserved 1048576K
}
Event: 1.111 GC heap before
{Heap before GC invocations=1 (full 0):
 garbage-first heap   total 129024K, used 27120K [0x0000000082200000, 0x0000000100000000)
  region size 1024K, 28 young (28672K), 3 survivors (3072K)
 Metaspace       used 20743K, capacity 21202K, committed 21296K, reserved 1069056K
  class space    used 2201K, capacity 2395K, committed 2432K, reserved 1048576K
}
Event: 1.120 GC heap after
{Heap after GC invocations=2 (full 0):
 garbage-first heap   total 129024K, used 7910K [0x0000000082200000, 0x0000000100000000)
  region size 1024K, 8 young (8192K), 8 survivors (8192K)
 Metaspace       used 20743K, capacity 21202K, committed 21296K, reserved 1069056K
  class space    used 2201K, capacity 2395K, committed 2432K, reserved 1048576K
}
Event: 1.399 GC heap before
{Heap before GC invocations=3 (full 0):
 garbage-first heap   total 129024K, used 35558K [0x0000000082200000, 0x0000000100000000)
  region size 1024K, 35 young (35840K), 8 survivors (8192K)
 Metaspace       used 24453K, capacity 25111K, committed 25392K, reserved 1071104K
  class space    used 2832K, capacity 3119K, committed 3200K, reserved 1048576K
}
Event: 1.408 GC heap after
{Heap after GC invocations=4 (full 0):
 garbage-first heap   total 129024K, used 12710K [0x0000000082200000, 0x0000000100000000)
  region size 1024K, 5 young (5120K), 5 survivors (5120K)
 Metaspace       used 24453K, capacity 25111K, committed 25392K, reserved 1071104K
  class space    used 2832K, capacity 3119K, committed 3200K, reserved 1048576K
}

